  main.cpp
C:\TdR_Fractals\Solution\Fractals (Julia) success\Fractals\main.cpp(17,30): warning C4244: 'inicializando': conversión de 'double' a 'int'; posible pérdida de datos
C:\TdR_Fractals\Solution\Fractals (Julia) success\Fractals\main.cpp(37,19): warning C4305: 'inicializando': truncamiento de 'double' a 'float'
C:\TdR_Fractals\Solution\Fractals (Julia) success\Fractals\main.cpp(37,40): warning C4305: 'inicializando': truncamiento de 'double' a 'float'
C:\TdR_Fractals\Solution\Fractals (Julia) success\Fractals\main.cpp(60,23): warning C4244: 'argumento': conversión de 'double' a 'float'; posible pérdida de datos
C:\TdR_Fractals\Solution\Fractals (Julia) success\Fractals\main.cpp(77,24): warning C4244: 'argumento': conversión de 'double' a 'float'; posible pérdida de datos
C:\TdR_Fractals\Solution\Fractals (Julia) success\Fractals\main.cpp(80,23): warning C4244: 'argumento': conversión de 'double' a 'float'; posible pérdida de datos
C:\TdR_Fractals\Solution\Fractals (Julia) success\Fractals\main.cpp(83,1): warning C4305: '-=': truncamiento de 'double' a 'float'
C:\TdR_Fractals\Solution\Fractals (Julia) success\Fractals\main.cpp(86,1): warning C4305: '+=': truncamiento de 'double' a 'float'
C:\TdR_Fractals\Solution\Fractals (Julia) success\Fractals\main.cpp(140,160): warning C4244: 'argumento': conversión de 'T' a 'T'; posible pérdida de datos
          with
          [
              T=double
          ]
          and
          [
              T=int32_t
          ]
C:\TdR_Fractals\Solution\Fractals (Julia) success\Fractals\main.cpp(140,70): warning C4244: 'argumento': conversión de 'T' a 'T'; posible pérdida de datos
          with
          [
              T=double
          ]
          and
          [
              T=int32_t
          ]
C:\TdR_Fractals\Solution\Fractals (Julia) success\Fractals\main.cpp(238,1): warning C4267: '=': conversión de 'size_t' a 'int'; posible pérdida de datos
C:\TdR_Fractals\Solution\Fractals (Julia) success\Fractals\main.cpp(310,1): warning C4305: '-=': truncamiento de 'double' a 'float'
C:\TdR_Fractals\Solution\Fractals (Julia) success\Fractals\main.cpp(346,1): warning C4144: '>': expresión relacional como expresión switch
C:\TdR_Fractals\Solution\Fractals (Julia) success\Fractals\main.cpp(351,101): warning C4244: 'argumento': conversión de 'float' a 'T'; posible pérdida de datos
          with
          [
              T=int32_t
          ]
C:\TdR_Fractals\Solution\Fractals (Julia) success\Fractals\main.cpp(354,101): warning C4244: 'argumento': conversión de 'float' a 'T'; posible pérdida de datos
          with
          [
              T=int32_t
          ]
C:\TdR_Fractals\Solution\Fractals (Julia) success\Fractals\main.cpp(359,101): warning C4244: 'argumento': conversión de 'float' a 'T'; posible pérdida de datos
          with
          [
              T=int32_t
          ]
C:\TdR_Fractals\Solution\Fractals (Julia) success\Fractals\main.cpp(362,101): warning C4244: 'argumento': conversión de 'float' a 'T'; posible pérdida de datos
          with
          [
              T=int32_t
          ]
C:\TdR_Fractals\Solution\Fractals (Julia) success\Fractals\main.cpp(472,1): warning C4305: '-=': truncamiento de 'double' a 'float'
C:\TdR_Fractals\Solution\Fractals (Julia) success\Fractals\main.cpp(585,90): warning C4244: 'argumento': conversión de 'float' a 'T'; posible pérdida de datos
          with
          [
              T=int32_t
          ]
C:\TdR_Fractals\Solution\Fractals (Julia) success\Fractals\main.cpp(591,1): warning C4144: '>': expresión relacional como expresión switch
C:\TdR_Fractals\Solution\Fractals (Julia) success\Fractals\main.cpp(630,1): warning C4144: '>': expresión relacional como expresión switch
C:\TdR_Fractals\Solution\Fractals (Julia) success\Fractals\main.cpp(692,31): warning C4244: '=': conversión de 'double' a 'float'; posible pérdida de datos
C:\TdR_Fractals\Solution\Fractals (Julia) success\Fractals\main.cpp(705,29): warning C4244: 'inicializando': conversión de 'double' a 'float'; posible pérdida de datos
C:\TdR_Fractals\Solution\Fractals (Julia) success\Fractals\main.cpp(735,81): warning C4244: 'argumento': conversión de 'float' a 'uint8_t'; posible pérdida de datos
C:\TdR_Fractals\Solution\Fractals (Julia) success\Fractals\main.cpp(735,59): warning C4244: 'argumento': conversión de 'float' a 'uint8_t'; posible pérdida de datos
C:\TdR_Fractals\Solution\Fractals (Julia) success\Fractals\main.cpp(735,37): warning C4244: 'argumento': conversión de 'float' a 'uint8_t'; posible pérdida de datos
C:\TdR_Fractals\Solution\Fractals (Julia) success\Fractals\main.cpp(743,29): warning C4244: 'inicializando': conversión de 'double' a 'float'; posible pérdida de datos
C:\TdR_Fractals\Solution\Fractals (Julia) success\Fractals\main.cpp(751,16): warning C4305: '=': truncamiento de 'double' a 'float'
  Generando código
  5 of 1400 functions ( 0.4%) were compiled, the rest were copied from previous compilation.
    0 functions were new in current compilation
    1 functions had inline decision re-evaluated but remain unchanged
  Generación de código finalizada
  Fractals.vcxproj -> C:\TdR_Fractals\Solution\Fractals (Julia) success\x64\Release\Fractals.exe
