This is pdfTeX, Version 3.141592653-2.6-1.40.22 (MiKTeX 21.6) (preloaded format=pdflatex 2021.9.23)  30 DEC 2021 13:21
entering extended mode
**C:/Users/ÀlexPalomasJiménez/Desktop/bruh/LaTeX/TdR/Annex.tex
(C:/Users/ÀlexPalomasJiménez/Desktop/bruh/LaTeX/TdR/Annex.tex
LaTeX2e <2021-06-01>
L3 programming layer <2021-06-01>
! Undefined control sequence.
l.1 \appendix
             
? x
 
Here is how much of TeX's memory you used:
 19 strings out of 478864
 541 string characters out of 2858472
 292975 words of memory out of 3000000
 18043 multiletter control sequences out of 15000+600000
 403430 words of font info for 27 fonts, out of 8000000 for 9000
 1141 hyphenation exceptions out of 8191
 13i,0n,12p,103b,10s stack positions out of 5000i,500n,10000p,200000b,80000s
No pages of output.
PDF statistics:
 0 PDF objects out of 1000 (max. 8388607)
 0 named destinations out of 1000 (max. 500000)
 1 words of extra memory for PDF output out of 10000 (max. 10000000)

