This is pdfTeX, Version 3.141592653-2.6-1.40.22 (MiKTeX 21.6) (preloaded format=pdflatex 2021.9.23)  4 JAN 2022 11:38
entering extended mode
**C:/Users/√ÄlexPalomasJim√©nez/Desktop/bruh/LaTeX/TdR/TdR.tex
(C:/Users/√ÄlexPalomasJim√©nez/Desktop/bruh/LaTeX/TdR/TdR.tex
LaTeX2e <2021-06-01>
L3 programming layer <2021-06-01>
(C:\Program Files\MiKTeX\tex/latex/base\article.cls
Document Class: article 2021/02/12 v1.4n Standard LaTeX document class
(C:\Program Files\MiKTeX\tex/latex/base\size12.clo
File: size12.clo 2021/02/12 v1.4n Standard LaTeX file (size option)
)
\c@part=\count182
\c@section=\count183
\c@subsection=\count184
\c@subsubsection=\count185
\c@paragraph=\count186
\c@subparagraph=\count187
\c@figure=\count188
\c@table=\count189
\abovecaptionskip=\skip47
\belowcaptionskip=\skip48
\bibindent=\dimen138
)
(C:\Program Files\MiKTeX\tex/latex/base\inputenc.sty
Package: inputenc 2021/02/14 v1.3d Input encoding file
\inpenc@prehook=\toks16
\inpenc@posthook=\toks17
)
(C:\Program Files\MiKTeX\tex/latex/amsfonts\amsfonts.sty
Package: amsfonts 2013/01/14 v3.01 Basic AMSFonts support
\@emptytoks=\toks18
\symAMSa=\mathgroup4
\symAMSb=\mathgroup5
LaTeX Font Info:    Redeclaring math symbol \hbar on input line 98.
LaTeX Font Info:    Overwriting math alphabet `\mathfrak' in version `bold'
(Font)                  U/euf/m/n --> U/euf/b/n on input line 106.
)
(C:\Program Files\MiKTeX\tex/latex/graphics\graphicx.sty
Package: graphicx 2020/12/05 v1.2c Enhanced LaTeX Graphics (DPC,SPQR)

(C:\Program Files\MiKTeX\tex/latex/graphics\keyval.sty
Package: keyval 2014/10/28 v1.15 key=value parser (DPC)
\KV@toks@=\toks19
)
(C:\Program Files\MiKTeX\tex/latex/graphics\graphics.sty
Package: graphics 2021/03/04 v1.4d Standard LaTeX Graphics (DPC,SPQR)

(C:\Program Files\MiKTeX\tex/latex/graphics\trig.sty
Package: trig 2016/01/03 v1.10 sin cos tan (DPC)
)
(C:\Program Files\MiKTeX\tex/latex/graphics-cfg\graphics.cfg
File: graphics.cfg 2016/06/04 v1.11 sample graphics configuration
)
Package graphics Info: Driver file: pdftex.def on input line 107.

(C:\Program Files\MiKTeX\tex/latex/graphics-def\pdftex.def
File: pdftex.def 2020/10/05 v1.2a Graphics/color driver for pdftex
))
\Gin@req@height=\dimen139
\Gin@req@width=\dimen140
)
(C:\Users\√ÄlexPalomasJim√©nez\AppData\Roaming\MiKTeX\tex/latex/caption\caption
.sty
Package: caption 2020/10/26 v3.5g Customizing captions (AR)

(C:\Users\√ÄlexPalomasJim√©nez\AppData\Roaming\MiKTeX\tex/latex/caption\caption
3.sty
Package: caption3 2020/10/21 v2.2e caption3 kernel (AR)
\captionmargin=\dimen141
\captionmargin@=\dimen142
\captionwidth=\dimen143
\caption@tempdima=\dimen144
\caption@indent=\dimen145
\caption@parindent=\dimen146
\caption@hangindent=\dimen147
Package caption Info: Standard document class detected.
)
\c@caption@flags=\count190
\c@continuedfloat=\count191
)
(C:\Users\√ÄlexPalomasJim√©nez\AppData\Roaming\MiKTeX\tex/latex/caption\subcapt
ion.sty
Package: subcaption 2020/10/07 v1.3j Sub-captions (AR)
\c@subfigure=\count192
\c@subtable=\count193
) (C:\Program Files\MiKTeX\tex/latex/amsfonts\amssymb.sty
Package: amssymb 2013/01/14 v3.01 AMS font symbols
)
(C:\Program Files\MiKTeX\tex/latex/pgf/frontendlayer\tikz.sty
(C:\Program Files\MiKTeX\tex/latex/pgf/basiclayer\pgf.sty
(C:\Program Files\MiKTeX\tex/latex/pgf/utilities\pgfrcs.sty
(C:\Program Files\MiKTeX\tex/generic/pgf/utilities\pgfutil-common.tex
\pgfutil@everybye=\toks20
\pgfutil@tempdima=\dimen148
\pgfutil@tempdimb=\dimen149

(C:\Program Files\MiKTeX\tex/generic/pgf/utilities\pgfutil-common-lists.tex))
(C:\Program Files\MiKTeX\tex/generic/pgf/utilities\pgfutil-latex.def
\pgfutil@abb=\box50
)
(C:\Program Files\MiKTeX\tex/generic/pgf/utilities\pgfrcs.code.tex
(C:\Program Files\MiKTeX\tex/generic/pgf\pgf.revision.tex)
Package: pgfrcs 2021/05/15 v3.1.9a (3.1.9a)
))
Package: pgf 2021/05/15 v3.1.9a (3.1.9a)

(C:\Program Files\MiKTeX\tex/latex/pgf/basiclayer\pgfcore.sty
(C:\Program Files\MiKTeX\tex/latex/pgf/systemlayer\pgfsys.sty
(C:\Program Files\MiKTeX\tex/generic/pgf/systemlayer\pgfsys.code.tex
Package: pgfsys 2021/05/15 v3.1.9a (3.1.9a)

(C:\Program Files\MiKTeX\tex/generic/pgf/utilities\pgfkeys.code.tex
\pgfkeys@pathtoks=\toks21
\pgfkeys@temptoks=\toks22

(C:\Program Files\MiKTeX\tex/generic/pgf/utilities\pgfkeysfiltered.code.tex
\pgfkeys@tmptoks=\toks23
))
\pgf@x=\dimen150
\pgf@y=\dimen151
\pgf@xa=\dimen152
\pgf@ya=\dimen153
\pgf@xb=\dimen154
\pgf@yb=\dimen155
\pgf@xc=\dimen156
\pgf@yc=\dimen157
\pgf@xd=\dimen158
\pgf@yd=\dimen159
\w@pgf@writea=\write3
\r@pgf@reada=\read2
\c@pgf@counta=\count194
\c@pgf@countb=\count195
\c@pgf@countc=\count196
\c@pgf@countd=\count197
\t@pgf@toka=\toks24
\t@pgf@tokb=\toks25
\t@pgf@tokc=\toks26
\pgf@sys@id@count=\count198

(C:\Program Files\MiKTeX\tex/generic/pgf/systemlayer\pgf.cfg
File: pgf.cfg 2021/05/15 v3.1.9a (3.1.9a)
)
Driver file for pgf: pgfsys-pdftex.def

(C:\Program Files\MiKTeX\tex/generic/pgf/systemlayer\pgfsys-pdftex.def
File: pgfsys-pdftex.def 2021/05/15 v3.1.9a (3.1.9a)

(C:\Program Files\MiKTeX\tex/generic/pgf/systemlayer\pgfsys-common-pdf.def
File: pgfsys-common-pdf.def 2021/05/15 v3.1.9a (3.1.9a)
)))
(C:\Program Files\MiKTeX\tex/generic/pgf/systemlayer\pgfsyssoftpath.code.tex
File: pgfsyssoftpath.code.tex 2021/05/15 v3.1.9a (3.1.9a)
\pgfsyssoftpath@smallbuffer@items=\count199
\pgfsyssoftpath@bigbuffer@items=\count266
)
(C:\Program Files\MiKTeX\tex/generic/pgf/systemlayer\pgfsysprotocol.code.tex
File: pgfsysprotocol.code.tex 2021/05/15 v3.1.9a (3.1.9a)
))
(C:\Program Files\MiKTeX\tex/latex/xcolor\xcolor.sty
Package: xcolor 2016/05/11 v2.12 LaTeX color extensions (UK)

(C:\Program Files\MiKTeX\tex/latex/graphics-cfg\color.cfg
File: color.cfg 2016/01/02 v1.6 sample color configuration
)
Package xcolor Info: Driver file: pdftex.def on input line 225.
Package xcolor Info: Model `cmy' substituted by `cmy0' on input line 1348.
Package xcolor Info: Model `hsb' substituted by `rgb' on input line 1352.
Package xcolor Info: Model `RGB' extended on input line 1364.
Package xcolor Info: Model `HTML' substituted by `rgb' on input line 1366.
Package xcolor Info: Model `Hsb' substituted by `hsb' on input line 1367.
Package xcolor Info: Model `tHsb' substituted by `hsb' on input line 1368.
Package xcolor Info: Model `HSB' substituted by `hsb' on input line 1369.
Package xcolor Info: Model `Gray' substituted by `gray' on input line 1370.
Package xcolor Info: Model `wave' substituted by `hsb' on input line 1371.
)
(C:\Program Files\MiKTeX\tex/generic/pgf/basiclayer\pgfcore.code.tex
Package: pgfcore 2021/05/15 v3.1.9a (3.1.9a)

(C:\Program Files\MiKTeX\tex/generic/pgf/math\pgfmath.code.tex
(C:\Program Files\MiKTeX\tex/generic/pgf/math\pgfmathcalc.code.tex
(C:\Program Files\MiKTeX\tex/generic/pgf/math\pgfmathutil.code.tex)
(C:\Program Files\MiKTeX\tex/generic/pgf/math\pgfmathparser.code.tex
\pgfmath@dimen=\dimen160
\pgfmath@count=\count267
\pgfmath@box=\box51
\pgfmath@toks=\toks27
\pgfmath@stack@operand=\toks28
\pgfmath@stack@operation=\toks29
)
(C:\Program Files\MiKTeX\tex/generic/pgf/math\pgfmathfunctions.code.tex
(C:\Program Files\MiKTeX\tex/generic/pgf/math\pgfmathfunctions.basic.code.tex)
(C:\Program Files\MiKTeX\tex/generic/pgf/math\pgfmathfunctions.trigonometric.co
de.tex)
(C:\Program Files\MiKTeX\tex/generic/pgf/math\pgfmathfunctions.random.code.tex)

(C:\Program Files\MiKTeX\tex/generic/pgf/math\pgfmathfunctions.comparison.code.
tex)
(C:\Program Files\MiKTeX\tex/generic/pgf/math\pgfmathfunctions.base.code.tex)
(C:\Program Files\MiKTeX\tex/generic/pgf/math\pgfmathfunctions.round.code.tex)
(C:\Program Files\MiKTeX\tex/generic/pgf/math\pgfmathfunctions.misc.code.tex)
(C:\Program Files\MiKTeX\tex/generic/pgf/math\pgfmathfunctions.integerarithmeti
cs.code.tex)))
(C:\Program Files\MiKTeX\tex/generic/pgf/math\pgfmathfloat.code.tex
\c@pgfmathroundto@lastzeros=\count268
))
(C:\Program Files\MiKTeX\tex/generic/pgf/math\pgfint.code.tex)
(C:\Program Files\MiKTeX\tex/generic/pgf/basiclayer\pgfcorepoints.code.tex
File: pgfcorepoints.code.tex 2021/05/15 v3.1.9a (3.1.9a)
\pgf@picminx=\dimen161
\pgf@picmaxx=\dimen162
\pgf@picminy=\dimen163
\pgf@picmaxy=\dimen164
\pgf@pathminx=\dimen165
\pgf@pathmaxx=\dimen166
\pgf@pathminy=\dimen167
\pgf@pathmaxy=\dimen168
\pgf@xx=\dimen169
\pgf@xy=\dimen170
\pgf@yx=\dimen171
\pgf@yy=\dimen172
\pgf@zx=\dimen173
\pgf@zy=\dimen174
)
(C:\Program Files\MiKTeX\tex/generic/pgf/basiclayer\pgfcorepathconstruct.code.t
ex
File: pgfcorepathconstruct.code.tex 2021/05/15 v3.1.9a (3.1.9a)
\pgf@path@lastx=\dimen175
\pgf@path@lasty=\dimen176
)
(C:\Program Files\MiKTeX\tex/generic/pgf/basiclayer\pgfcorepathusage.code.tex
File: pgfcorepathusage.code.tex 2021/05/15 v3.1.9a (3.1.9a)
\pgf@shorten@end@additional=\dimen177
\pgf@shorten@start@additional=\dimen178
)
(C:\Program Files\MiKTeX\tex/generic/pgf/basiclayer\pgfcorescopes.code.tex
File: pgfcorescopes.code.tex 2021/05/15 v3.1.9a (3.1.9a)
\pgfpic=\box52
\pgf@hbox=\box53
\pgf@layerbox@main=\box54
\pgf@picture@serial@count=\count269
)
(C:\Program Files\MiKTeX\tex/generic/pgf/basiclayer\pgfcoregraphicstate.code.te
x
File: pgfcoregraphicstate.code.tex 2021/05/15 v3.1.9a (3.1.9a)
\pgflinewidth=\dimen179
)
(C:\Program Files\MiKTeX\tex/generic/pgf/basiclayer\pgfcoretransformations.code
.tex
File: pgfcoretransformations.code.tex 2021/05/15 v3.1.9a (3.1.9a)
\pgf@pt@x=\dimen180
\pgf@pt@y=\dimen181
\pgf@pt@temp=\dimen182
) (C:\Program Files\MiKTeX\tex/generic/pgf/basiclayer\pgfcorequick.code.tex
File: pgfcorequick.code.tex 2021/05/15 v3.1.9a (3.1.9a)
) (C:\Program Files\MiKTeX\tex/generic/pgf/basiclayer\pgfcoreobjects.code.tex
File: pgfcoreobjects.code.tex 2021/05/15 v3.1.9a (3.1.9a)
)
(C:\Program Files\MiKTeX\tex/generic/pgf/basiclayer\pgfcorepathprocessing.code.
tex
File: pgfcorepathprocessing.code.tex 2021/05/15 v3.1.9a (3.1.9a)
) (C:\Program Files\MiKTeX\tex/generic/pgf/basiclayer\pgfcorearrows.code.tex
File: pgfcorearrows.code.tex 2021/05/15 v3.1.9a (3.1.9a)
\pgfarrowsep=\dimen183
) (C:\Program Files\MiKTeX\tex/generic/pgf/basiclayer\pgfcoreshade.code.tex
File: pgfcoreshade.code.tex 2021/05/15 v3.1.9a (3.1.9a)
\pgf@max=\dimen184
\pgf@sys@shading@range@num=\count270
\pgf@shadingcount=\count271
)
(C:\Program Files\MiKTeX\tex/generic/pgf/basiclayer\pgfcoreimage.code.tex
File: pgfcoreimage.code.tex 2021/05/15 v3.1.9a (3.1.9a)

(C:\Program Files\MiKTeX\tex/generic/pgf/basiclayer\pgfcoreexternal.code.tex
File: pgfcoreexternal.code.tex 2021/05/15 v3.1.9a (3.1.9a)
\pgfexternal@startupbox=\box55
))
(C:\Program Files\MiKTeX\tex/generic/pgf/basiclayer\pgfcorelayers.code.tex
File: pgfcorelayers.code.tex 2021/05/15 v3.1.9a (3.1.9a)
)
(C:\Program Files\MiKTeX\tex/generic/pgf/basiclayer\pgfcoretransparency.code.te
x
File: pgfcoretransparency.code.tex 2021/05/15 v3.1.9a (3.1.9a)
) (C:\Program Files\MiKTeX\tex/generic/pgf/basiclayer\pgfcorepatterns.code.tex
File: pgfcorepatterns.code.tex 2021/05/15 v3.1.9a (3.1.9a)
) (C:\Program Files\MiKTeX\tex/generic/pgf/basiclayer\pgfcorerdf.code.tex
File: pgfcorerdf.code.tex 2021/05/15 v3.1.9a (3.1.9a)
)))
(C:\Program Files\MiKTeX\tex/generic/pgf/modules\pgfmoduleshapes.code.tex
File: pgfmoduleshapes.code.tex 2021/05/15 v3.1.9a (3.1.9a)
\pgfnodeparttextbox=\box56
)
(C:\Program Files\MiKTeX\tex/generic/pgf/modules\pgfmoduleplot.code.tex
File: pgfmoduleplot.code.tex 2021/05/15 v3.1.9a (3.1.9a)
)
(C:\Program Files\MiKTeX\tex/latex/pgf/compatibility\pgfcomp-version-0-65.sty
Package: pgfcomp-version-0-65 2021/05/15 v3.1.9a (3.1.9a)
\pgf@nodesepstart=\dimen185
\pgf@nodesepend=\dimen186
)
(C:\Program Files\MiKTeX\tex/latex/pgf/compatibility\pgfcomp-version-1-18.sty
Package: pgfcomp-version-1-18 2021/05/15 v3.1.9a (3.1.9a)
)) (C:\Program Files\MiKTeX\tex/latex/pgf/utilities\pgffor.sty
(C:\Program Files\MiKTeX\tex/latex/pgf/utilities\pgfkeys.sty
(C:\Program Files\MiKTeX\tex/generic/pgf/utilities\pgfkeys.code.tex))
(C:\Program Files\MiKTeX\tex/latex/pgf/math\pgfmath.sty
(C:\Program Files\MiKTeX\tex/generic/pgf/math\pgfmath.code.tex))
(C:\Program Files\MiKTeX\tex/generic/pgf/utilities\pgffor.code.tex
Package: pgffor 2021/05/15 v3.1.9a (3.1.9a)

(C:\Program Files\MiKTeX\tex/generic/pgf/math\pgfmath.code.tex)
\pgffor@iter=\dimen187
\pgffor@skip=\dimen188
\pgffor@stack=\toks30
\pgffor@toks=\toks31
))
(C:\Program Files\MiKTeX\tex/generic/pgf/frontendlayer/tikz\tikz.code.tex
Package: tikz 2021/05/15 v3.1.9a (3.1.9a)

(C:\Program Files\MiKTeX\tex/generic/pgf/libraries\pgflibraryplothandlers.code.
tex
File: pgflibraryplothandlers.code.tex 2021/05/15 v3.1.9a (3.1.9a)
\pgf@plot@mark@count=\count272
\pgfplotmarksize=\dimen189
)
\tikz@lastx=\dimen190
\tikz@lasty=\dimen191
\tikz@lastxsaved=\dimen192
\tikz@lastysaved=\dimen193
\tikz@lastmovetox=\dimen194
\tikz@lastmovetoy=\dimen195
\tikzleveldistance=\dimen196
\tikzsiblingdistance=\dimen197
\tikz@figbox=\box57
\tikz@figbox@bg=\box58
\tikz@tempbox=\box59
\tikz@tempbox@bg=\box60
\tikztreelevel=\count273
\tikznumberofchildren=\count274
\tikznumberofcurrentchild=\count275
\tikz@fig@count=\count276
 (C:\Program Files\MiKTeX\tex/generic/pgf/modules\pgfmodulematrix.code.tex
File: pgfmodulematrix.code.tex 2021/05/15 v3.1.9a (3.1.9a)
\pgfmatrixcurrentrow=\count277
\pgfmatrixcurrentcolumn=\count278
\pgf@matrix@numberofcolumns=\count279
)
\tikz@expandcount=\count280

(C:\Program Files\MiKTeX\tex/generic/pgf/frontendlayer/tikz/libraries\tikzlibra
rytopaths.code.tex
File: tikzlibrarytopaths.code.tex 2021/05/15 v3.1.9a (3.1.9a)
))) (C:\Program Files\MiKTeX\tex/latex/tools\tabularx.sty
Package: tabularx 2020/01/15 v2.11c `tabularx' package (DPC)

(C:\Program Files\MiKTeX\tex/latex/tools\array.sty
Package: array 2021/04/20 v2.5e Tabular extension package (FMi)
\col@sep=\dimen198
\ar@mcellbox=\box61
\extrarowheight=\dimen199
\NC@list=\toks32
\extratabsurround=\skip49
\backup@length=\skip50
\ar@cellbox=\box62
)
\TX@col@width=\dimen256
\TX@old@table=\dimen257
\TX@old@col=\dimen258
\TX@target=\dimen259
\TX@delta=\dimen260
\TX@cols=\count281
\TX@ftn=\toks33
)
(C:\Program Files\MiKTeX\tex/latex/listings\listings.sty
\lst@mode=\count282
\lst@gtempboxa=\box63
\lst@token=\toks34
\lst@length=\count283
\lst@currlwidth=\dimen261
\lst@column=\count284
\lst@pos=\count285
\lst@lostspace=\dimen262
\lst@width=\dimen263
\lst@newlines=\count286
\lst@lineno=\count287
\lst@maxwidth=\dimen264

(C:\Program Files\MiKTeX\tex/latex/listings\lstmisc.sty
File: lstmisc.sty 2020/03/24 1.8d (Carsten Heinz)
\c@lstnumber=\count288
\lst@skipnumbers=\count289
\lst@framebox=\box64
)
(C:\Program Files\MiKTeX\tex/latex/listings\listings.cfg
File: listings.cfg 2020/03/24 1.8d listings configuration
))
Package: listings 2020/03/24 1.8d (Carsten Heinz)

(C:\Users\√ÄlexPalomasJim√©nez\AppData\Roaming\MiKTeX\tex/latex/xlop\xlop.sty
Package: xlop 2020/04/26 package wrapper for xlop.tex

(C:\Users\√ÄlexPalomasJim√©nez\AppData\Roaming\MiKTeX\tex/generic/xlop\xlop.tex
\op@count@z=\count290
\op@count@i=\count291
\op@count@ii=\count292
\op@count@iii=\count293
\op@count@iv=\count294
\op@count@v=\count295
\op@count@vi=\count296
\op@nbop=\count297
\op@currentstyle=\toks35
`xlop' v0.28  <2020/11/11> (jcc)
\opcolumnwidth=\dimen265
\oplineheight=\dimen266
\op@strutbox=\box65
\op@decimalsepwidth=\dimen267
\op@decimalsepoffset=\dimen268
\op@hrulewidth=\dimen269
\op@vrulewidth=\dimen270
\op@parenthesis=\count298
\op@token=\count299
\op@stack=\count300
\op@stackb=\count301
))
(C:\Users\√ÄlexPalomasJim√©nez\AppData\Roaming\MiKTeX\tex/latex/supertabular\su
pertabular.sty
Package: supertabular 2020/02/02 v4.1g the supertabular environment
\c@tracingst=\count302
\ST@wd=\dimen271
\ST@rightskip=\skip51
\ST@leftskip=\skip52
\ST@parfillskip=\skip53
\ST@pageleft=\dimen272
\ST@headht=\dimen273
\ST@tailht=\dimen274
\ST@pagesofar=\dimen275
\ST@pboxht=\dimen276
\ST@lineht=\dimen277
\ST@prevht=\dimen278
\ST@toadd=\dimen279
\ST@dimen=\dimen280
\ST@pbox=\box66
) (C:\Program Files\MiKTeX\tex/latex/tools\multicol.sty
Package: multicol 2019/12/09 v1.8y multicolumn formatting (FMi)
\c@tracingmulticols=\count303
\mult@box=\box67
\multicol@leftmargin=\dimen281
\c@unbalance=\count304
\c@collectmore=\count305
\doublecol@number=\count306
\multicoltolerance=\count307
\multicolpretolerance=\count308
\full@width=\dimen282
\page@free=\dimen283
\premulticols=\dimen284
\postmulticols=\dimen285
\multicolsep=\skip54
\multicolbaselineskip=\skip55
\partial@page=\box68
\last@line=\box69
\maxbalancingoverflow=\dimen286
\mult@rightbox=\box70
\mult@grightbox=\box71
\mult@gfirstbox=\box72
\mult@firstbox=\box73
\@tempa=\box74
\@tempa=\box75
\@tempa=\box76
\@tempa=\box77
\@tempa=\box78
\@tempa=\box79
\@tempa=\box80
\@tempa=\box81
\@tempa=\box82
\@tempa=\box83
\@tempa=\box84
\@tempa=\box85
\@tempa=\box86
\@tempa=\box87
\@tempa=\box88
\@tempa=\box89
\@tempa=\box90
\@tempa=\box91
\@tempa=\box92
\@tempa=\box93
\@tempa=\box94
\@tempa=\box95
\@tempa=\box96
\@tempa=\box97
\@tempa=\box98
\@tempa=\box99
\@tempa=\box100
\@tempa=\box101
\@tempa=\box102
\@tempa=\box103
\@tempa=\box104
\@tempa=\box105
\@tempa=\box106
\@tempa=\box107
\@tempa=\box108
\@tempa=\box109
\@tempa=\box110
\c@minrows=\count309
\c@columnbadness=\count310
\c@finalcolumnbadness=\count311
\last@try=\dimen287
\multicolovershoot=\dimen288
\multicolundershoot=\dimen289
\mult@nat@firstbox=\box111
\colbreak@box=\box112
\mc@col@check@num=\count312
)
(C:\Program Files\MiKTeX\tex/latex/l3backend\l3backend-pdftex.def
File: l3backend-pdftex.def 2021-05-07 L3 backend support: PDF output (pdfTeX)
\l__color_backend_stack_int=\count313
\l__pdf_internal_box=\box113
)
(C:/Users/√ÄlexPalomasJim√©nez/Desktop/bruh/LaTeX/TdR\TdR.aux
(C:/Users/√ÄlexPalomasJim√©nez/Desktop/bruh/LaTeX/TdR\seccions/sc-Introduccio.a
ux)
(C:/Users/√ÄlexPalomasJim√©nez/Desktop/bruh/LaTeX/TdR\seccions/sc-Historia.aux)

(C:/Users/√ÄlexPalomasJim√©nez/Desktop/bruh/LaTeX/TdR\seccions/sc-TipusDeFracta
ls.aux

LaTeX Warning: Label `fig:sierpinski' multiply defined.


LaTeX Warning: Label `fig:jubile_example_' multiply defined.

) (C:/Users/√ÄlexPalomasJim√©nez/Desktop/bruh/LaTeX/TdR\seccions/sc-C++.aux)
(C:/Users/√ÄlexPalomasJim√©nez/Desktop/bruh/LaTeX/TdR\seccions/sc-zMesGran2.aux
)
(C:/Users/√ÄlexPalomasJim√©nez/Desktop/bruh/LaTeX/TdR\seccions/sc-ReduccioTemps
.aux)
(C:/Users/√ÄlexPalomasJim√©nez/Desktop/bruh/LaTeX/TdR\seccions/sc-AugmentantLim
its.aux))
\openout1 = `TdR.aux'.

LaTeX Font Info:    Checking defaults for OML/cmm/m/it on input line 27.
LaTeX Font Info:    ... okay on input line 27.
LaTeX Font Info:    Checking defaults for OMS/cmsy/m/n on input line 27.
LaTeX Font Info:    ... okay on input line 27.
LaTeX Font Info:    Checking defaults for OT1/cmr/m/n on input line 27.
LaTeX Font Info:    ... okay on input line 27.
LaTeX Font Info:    Checking defaults for T1/cmr/m/n on input line 27.
LaTeX Font Info:    ... okay on input line 27.
LaTeX Font Info:    Checking defaults for TS1/cmr/m/n on input line 27.
LaTeX Font Info:    ... okay on input line 27.
LaTeX Font Info:    Checking defaults for OMX/cmex/m/n on input line 27.
LaTeX Font Info:    ... okay on input line 27.
LaTeX Font Info:    Checking defaults for U/cmr/m/n on input line 27.
LaTeX Font Info:    ... okay on input line 27.
 (C:\Program Files\MiKTeX\tex/context/base/mkii\supp-pdf.mkii
[Loading MPS to PDF converter (version 2006.09.02).]
\scratchcounter=\count314
\scratchdimen=\dimen290
\scratchbox=\box114
\nofMPsegments=\count315
\nofMParguments=\count316
\everyMPshowfont=\toks36
\MPscratchCnt=\count317
\MPscratchDim=\dimen291
\MPnumerator=\count318
\makeMPintoPDFobject=\count319
\everyMPtoPDFconversion=\toks37
) (C:\Program Files\MiKTeX\tex/latex/epstopdf-pkg\epstopdf-base.sty
Package: epstopdf-base 2020-01-24 v2.11 Base part for package epstopdf
Package epstopdf-base Info: Redefining graphics rule for `.eps' on input line 4
85.

(C:\Program Files\MiKTeX\tex/latex/00miktex\epstopdf-sys.cfg
File: epstopdf-sys.cfg 2021/03/18 v2.0 Configuration of epstopdf for MiKTeX
))
Package caption Info: Begin \AtBeginDocument code.
Package caption Info: listings package is loaded.
Package caption Info: supertabular package is loaded.
Package caption Info: End \AtBeginDocument code.
\c@lstlisting=\count320
LaTeX Font Info:    Trying to load font information for U+msa on input line 29.


(C:\Program Files\MiKTeX\tex/latex/amsfonts\umsa.fd
File: umsa.fd 2013/01/14 v3.01 AMS symbols A
)
LaTeX Font Info:    Trying to load font information for U+msb on input line 29.


(C:\Program Files\MiKTeX\tex/latex/amsfonts\umsb.fd
File: umsb.fd 2013/01/14 v3.01 AMS symbols B
) [1

{C:/Users/√ÄlexPalomasJim√©nez/AppData/Local/MiKTeX/pdftex/config/pdftex.map}]
(C:/Users/√ÄlexPalomasJim√©nez/Desktop/bruh/LaTeX/TdR\TdR.toc)
\tf@toc=\write4
\openout4 = `TdR.toc'.

 [2]
\openout2 = `seccions/sc-Introduccio.aux'.


(C:/Users/√ÄlexPalomasJim√©nez/Desktop/bruh/LaTeX/TdR\seccions/sc-Introduccio.t
ex
<imatges/sierpinski.jpg, id=19, 611.28375pt x 533.995pt>
File: imatges/sierpinski.jpg Graphic file (type jpg)
<use imatges/sierpinski.jpg>
Package pdftex.def Info: imatges/sierpinski.jpg  used on input line 10.
(pdftex.def)             Requested size: 156.0006pt x 136.26877pt.
<imatges/Captured_On_Mon_Dec__6_18-48-29_2021-.jpg, id=20, 1927.2pt x 1084.05pt
>
File: imatges/Captured_On_Mon_Dec__6_18-48-29_2021-.jpg Graphic file (type jpg)

<use imatges/Captured_On_Mon_Dec__6_18-48-29_2021-.jpg>
Package pdftex.def Info: imatges/Captured_On_Mon_Dec__6_18-48-29_2021-.jpg  use
d on input line 16.
(pdftex.def)             Requested size: 156.0006pt x 87.73479pt.

Underfull \hbox (badness 10000) in paragraph at lines 23--24

 []

[1

 <C:/Users/√ÄlexPalomasJim√©nez/Desktop/bruh/LaTeX/TdR/imatges/sierpinski.jpg> 
<C:/Users/√ÄlexPalomasJim√©nez/Desktop/bruh/LaTeX/TdR/imatges/Captured_On_Mon_D
ec__6_18-48-29_2021-.jpg>]
Underfull \hbox (badness 10000) in paragraph at lines 90--111

 []

[2] [3])
Overfull \hbox (14.9907pt too wide) in paragraph at lines 152--38
\OT1/cmr/m/n/12 La GPU, \OT1/cmr/m/it/12 Graph-ics Pro-cess-ing Unit\OT1/cmr/m/
n/12 , esta en-fo-cada en la idea de la paral\TS1/cmr/m/n/12 ∑\OT1/cmr/m/n/12 
lelitzacio.
 []


Overfull \hbox (12.36388pt too wide) in paragraph at lines 152--38
[]\OT1/cmr/m/n/12 Ultimament s'han tro-bat molt mes usos d'aquesta uni-tat, co
m ara l'entrenament
 []

[4] [5]
\openout2 = `seccions/sc-Historia.aux'.


(C:/Users/√ÄlexPalomasJim√©nez/Desktop/bruh/LaTeX/TdR\seccions/sc-Historia.tex)
[6



]
\openout2 = `seccions/sc-TipusDeFractals.aux'.


(C:/Users/√ÄlexPalomasJim√©nez/Desktop/bruh/LaTeX/TdR\seccions/sc-TipusDeFracta
ls.tex
Underfull \hbox (badness 10000) in paragraph at lines 5--7

 []

<imatges/dos-fractals-naturals.jpg, id=47, 154.176pt x 102.8643pt>
File: imatges/dos-fractals-naturals.jpg Graphic file (type jpg)
<use imatges/dos-fractals-naturals.jpg>
Package pdftex.def Info: imatges/dos-fractals-naturals.jpg  used on input line 
12.
(pdftex.def)             Requested size: 156.0006pt x 104.0836pt.
<imatges/planta-espiral.jpg, id=48, 246.6816pt x 161.1621pt>
File: imatges/planta-espiral.jpg Graphic file (type jpg)
<use imatges/planta-espiral.jpg>
Package pdftex.def Info: imatges/planta-espiral.jpg  used on input line 18.
(pdftex.def)             Requested size: 156.0006pt x 101.92119pt.
[7



 <C:/Users/√ÄlexPalomasJim√©nez/Desktop/bruh/LaTeX/TdR/imatges/dos-fractals-nat
urals.jpg> <C:/Users/√ÄlexPalomasJim√©nez/Desktop/bruh/LaTeX/TdR/imatges/planta
-espiral.jpg>]
File: imatges/sierpinski.jpg Graphic file (type jpg)
<use imatges/sierpinski.jpg>
Package pdftex.def Info: imatges/sierpinski.jpg  used on input line 36.
(pdftex.def)             Requested size: 156.0006pt x 136.26877pt.
<imatges/fractal-tree.jpg, id=52, 301.125pt x 225.84375pt>
File: imatges/fractal-tree.jpg Graphic file (type jpg)
<use imatges/fractal-tree.jpg>
Package pdftex.def Info: imatges/fractal-tree.jpg  used on input line 42.
(pdftex.def)             Requested size: 156.0006pt x 117.0052pt.
 [8 <C:/Users/√ÄlexPalomasJim√©nez/Desktop/bruh/LaTeX/TdR/imatges/fractal-tree.
jpg>]
<imatges/Captured_On_Sat_Aug__7_16-04-10_2021-.jpg, id=56, 1284.8pt x 722.7pt>
File: imatges/Captured_On_Sat_Aug__7_16-04-10_2021-.jpg Graphic file (type jpg)

<use imatges/Captured_On_Sat_Aug__7_16-04-10_2021-.jpg>
Package pdftex.def Info: imatges/Captured_On_Sat_Aug__7_16-04-10_2021-.jpg  use
d on input line 68.
(pdftex.def)             Requested size: 253.49762pt x 142.58557pt.
 [9 <C:/Users/√ÄlexPalomasJim√©nez/Desktop/bruh/LaTeX/TdR/imatges/Captured_On_S
at_Aug__7_16-04-10_2021-.jpg>]
Underfull \hbox (badness 10000) in paragraph at lines 75--77

 []


Underfull \hbox (badness 10000) in paragraph at lines 89--91

 []

File: imatges/sierpinski.jpg Graphic file (type jpg)
<use imatges/sierpinski.jpg>
Package pdftex.def Info: imatges/sierpinski.jpg  used on input line 107.
(pdftex.def)             Requested size: 156.0006pt x 136.26877pt.
File: imatges/sierpinski.jpg Graphic file (type jpg)
<use imatges/sierpinski.jpg>
Package pdftex.def Info: imatges/sierpinski.jpg  used on input line 113.
(pdftex.def)             Requested size: 156.0006pt x 136.26877pt.
)

LaTeX Warning: `h' float specifier changed to `ht'.

[10] [11]
\openout2 = `seccions/sc-C++.aux'.


(C:/Users/√ÄlexPalomasJim√©nez/Desktop/bruh/LaTeX/TdR\seccions/sc-C++.tex
[12



] [13]
File: imatges/Captured_On_Mon_Dec__6_18-48-29_2021-.jpg Graphic file (type jpg)

<use imatges/Captured_On_Mon_Dec__6_18-48-29_2021-.jpg>
Package pdftex.def Info: imatges/Captured_On_Mon_Dec__6_18-48-29_2021-.jpg  use
d on input line 49.
(pdftex.def)             Requested size: 253.49762pt x 142.58557pt.
File: imatges/Captured_On_Sat_Aug__7_16-04-10_2021-.jpg Graphic file (type jpg)

<use imatges/Captured_On_Sat_Aug__7_16-04-10_2021-.jpg>
Package pdftex.def Info: imatges/Captured_On_Sat_Aug__7_16-04-10_2021-.jpg  use
d on input line 58.
(pdftex.def)             Requested size: 253.49762pt x 142.58557pt.
 [14]
Overfull \hbox (2.34593pt too wide) in paragraph at lines 66--69
\OT1/cmr/m/n/12 Basicament di-rem, quan el boto es-querra del cur-sor hagi es
-tat pres, guardarem
 []

[15]) [16] [17]
\openout2 = `seccions/sc-ReduccioTemps.aux'.


(C:/Users/√ÄlexPalomasJim√©nez/Desktop/bruh/LaTeX/TdR\seccions/sc-ReduccioTemps
.tex [18



] [19]

LaTeX Warning: Reference `app:CUDA' on page 20 undefined on input line 70.


Underfull \hbox (badness 10000) in paragraph at lines 70--72

 []


LaTeX Warning: Reference `app:Julia_times' on page 20 undefined on input line 7
7.

) [20]
\openout2 = `seccions/sc-AugmentantLimits.aux'.


(C:/Users/√ÄlexPalomasJim√©nez/Desktop/bruh/LaTeX/TdR\seccions/sc-AugmentantLim
its.tex) [21



]
\openout2 = `Annex.aux'.

 (C:/Users/√ÄlexPalomasJim√©nez/Desktop/bruh/LaTeX/TdR\Annex.tex
Underfull \hbox (badness 10000) in paragraph at lines 4--10

 []

(C:\Program Files\MiKTeX\tex/latex/listings\lstlang1.sty
File: lstlang1.sty 2020/03/24 1.8d listings language file
)
(C:\Program Files\MiKTeX\tex/latex/listings\lstlang1.sty
File: lstlang1.sty 2020/03/24 1.8d listings language file
)
(C:\Program Files\MiKTeX\tex/latex/listings\lstmisc.sty
File: lstmisc.sty 2020/03/24 1.8d (Carsten Heinz)
)
(C:/Users/√ÄlexPalomasJim√©nez/Desktop/bruh/LaTeX/TdR\main.cpp
consecutive:
LaTeX Font Info:    Font shape `OT1/cmtt/bx/n' in size <10> not available
(Font)              Font shape `OT1/cmtt/m/n' tried instead on input line 62.
[22



])
Underfull \hbox (badness 10000) in paragraph at lines 29--30

 []


Underfull \hbox (badness 10000) in paragraph at lines 35--36

 []


Underfull \hbox (badness 10000) in paragraph at lines 35--36

 []

[23]
! Extra alignment tab has been changed to \cr.
<recently read> \endtemplate 
                             
l.105 1.11701 &
                0.0142146	& 0.015686 \\ \hline
? x
 
Here is how much of TeX's memory you used:
 16619 strings out of 478864
 316806 string characters out of 2858472
 941795 words of memory out of 3000000
 34239 multiletter control sequences out of 15000+600000
 413895 words of font info for 67 fonts, out of 8000000 for 9000
 1141 hyphenation exceptions out of 8191
 84i,10n,89p,712b,1819s stack positions out of 5000i,500n,10000p,200000b,80000s
{C:/Users/√ÄlexPalomasJim√©nez/AppData/Roaming/MiKTeX/fonts/enc/dvips/cm-super/
cm-super-ts1.enc}<C:/Program Files/MiKTeX/fonts/type1/public/amsfonts/cm/cmbx12
.pfb><C:/Program Files/MiKTeX/fonts/type1/public/amsfonts/cm/cmex10.pfb><C:/Pro
gram Files/MiKTeX/fonts/type1/public/amsfonts/cm/cmitt10.pfb><C:/Program Files/
MiKTeX/fonts/type1/public/amsfonts/cm/cmmi12.pfb><C:/Program Files/MiKTeX/fonts
/type1/public/amsfonts/cm/cmmi8.pfb><C:/Program Files/MiKTeX/fonts/type1/public
/amsfonts/cm/cmr10.pfb><C:/Program Files/MiKTeX/fonts/type1/public/amsfonts/cm/
cmr12.pfb><C:/Program Files/MiKTeX/fonts/type1/public/amsfonts/cm/cmr17.pfb><C:
/Program Files/MiKTeX/fonts/type1/public/amsfonts/cm/cmr6.pfb><C:/Program Files
/MiKTeX/fonts/type1/public/amsfonts/cm/cmr8.pfb><C:/Program Files/MiKTeX/fonts/
type1/public/amsfonts/cm/cmsy10.pfb><C:/Program Files/MiKTeX/fonts/type1/public
/amsfonts/cm/cmsy8.pfb><C:/Program Files/MiKTeX/fonts/type1/public/amsfonts/cm/
cmti12.pfb><C:/Program Files/MiKTeX/fonts/type1/public/amsfonts/cm/cmtt10.pfb><
C:/Program Files/MiKTeX/fonts/type1/public/amsfonts/symbols/msbm10.pfb><C:/User
s/√ÄlexPalomasJim√©nez/AppData/Roaming/MiKTeX/fonts/type1/public/cm-super/sfbx1
440.pfb><C:/Users/√ÄlexPalomasJim√©nez/AppData/Roaming/MiKTeX/fonts/type1/publi
c/cm-super/sfrm1200.pfb><C:/Users/√ÄlexPalomasJim√©nez/AppData/Roaming/MiKTeX/f
onts/type1/public/cm-super/sfrm2074.pfb>
Output written on TdR.pdf (25 pages, 1088147 bytes).
PDF statistics:
 183 PDF objects out of 1000 (max. 8388607)
 0 named destinations out of 1000 (max. 500000)
 31 words of extra memory for PDF output out of 10000 (max. 10000000)

